<?xml version="1.0" encoding="UTF-8"?>
<testng-results skipped="0" failed="1" total="11" passed="10">
  <reporter-output>
  </reporter-output>
  <suite name="Suite" duration-ms="23060" started-at="2019-09-12T10:31:53Z" finished-at="2019-09-12T10:32:16Z">
    <groups>
    </groups>
    <test name="Test" duration-ms="23060" started-at="2019-09-12T10:31:53Z" finished-at="2019-09-12T10:32:16Z">
      <class name="example.NewTest">
        <test-method status="PASS" signature="beforeTestChrome()[pri:0, instance:example.NewTest@5c3bd550]" name="beforeTestChrome" is-config="true" duration-ms="2903" started-at="2019-09-12T16:01:53Z" finished-at="2019-09-12T16:01:56Z">
          <reporter-output>
          </reporter-output>
        </test-method> <!-- beforeTestChrome -->
        <test-method status="PASS" signature="testEasyEight()[pri:0, instance:example.NewTest@5c3bd550]" name="testEasyEight" duration-ms="11647" started-at="2019-09-12T16:01:56Z" finished-at="2019-09-12T16:02:08Z">
          <reporter-output>
          </reporter-output>
        </test-method> <!-- testEasyEight -->
        <test-method status="FAIL" signature="testEasyEleven()[pri:0, instance:example.NewTest@5c3bd550]" name="testEasyEleven" duration-ms="641" started-at="2019-09-12T16:02:08Z" finished-at="2019-09-12T16:02:08Z">
          <exception class="java.lang.AssertionError">
            <full-stacktrace>
              <![CDATA[java.lang.AssertionError: 
	at org.testng.AssertJUnit.fail(AssertJUnit.java:59)
	at org.testng.AssertJUnit.assertTrue(AssertJUnit.java:24)
	at org.testng.AssertJUnit.assertTrue(AssertJUnit.java:33)
	at example.NewTest.testEasyEleven(NewTest.java:136)
	at sun.reflect.NativeMethodAccessorImpl.invoke0(Native Method)
	at sun.reflect.NativeMethodAccessorImpl.invoke(NativeMethodAccessorImpl.java:62)
	at sun.reflect.DelegatingMethodAccessorImpl.invoke(DelegatingMethodAccessorImpl.java:43)
	at java.lang.reflect.Method.invoke(Method.java:498)
	at org.testng.internal.MethodInvocationHelper.invokeMethod(MethodInvocationHelper.java:84)
	at org.testng.internal.Invoker.invokeMethod(Invoker.java:714)
	at org.testng.internal.Invoker.invokeTestMethod(Invoker.java:901)
	at org.testng.internal.Invoker.invokeTestMethods(Invoker.java:1231)
	at org.testng.internal.TestMethodWorker.invokeTestMethods(TestMethodWorker.java:127)
	at org.testng.internal.TestMethodWorker.run(TestMethodWorker.java:111)
	at org.testng.TestRunner.privateRun(TestRunner.java:767)
	at org.testng.TestRunner.run(TestRunner.java:617)
	at org.testng.SuiteRunner.runTest(SuiteRunner.java:348)
	at org.testng.SuiteRunner.runSequentially(SuiteRunner.java:343)
	at org.testng.SuiteRunner.privateRun(SuiteRunner.java:305)
	at org.testng.SuiteRunner.run(SuiteRunner.java:254)
	at org.testng.SuiteRunnerWorker.runSuite(SuiteRunnerWorker.java:52)
	at org.testng.SuiteRunnerWorker.run(SuiteRunnerWorker.java:86)
	at org.testng.TestNG.runSuitesSequentially(TestNG.java:1224)
	at org.testng.TestNG.runSuitesLocally(TestNG.java:1149)
	at org.testng.TestNG.run(TestNG.java:1057)
	at org.testng.remote.AbstractRemoteTestNG.run(AbstractRemoteTestNG.java:132)
	at org.testng.remote.RemoteTestNG.initAndRun(RemoteTestNG.java:236)
	at org.testng.remote.RemoteTestNG.main(RemoteTestNG.java:81)
]]>
            </full-stacktrace>
          </exception> <!-- java.lang.AssertionError -->
          <reporter-output>
          </reporter-output>
        </test-method> <!-- testEasyEleven -->
        <test-method status="PASS" signature="testEasyNine()[pri:0, instance:example.NewTest@5c3bd550]" name="testEasyNine" duration-ms="914" started-at="2019-09-12T16:02:08Z" finished-at="2019-09-12T16:02:09Z">
          <reporter-output>
          </reporter-output>
        </test-method> <!-- testEasyNine -->
        <test-method status="PASS" signature="testEasyOne()[pri:0, instance:example.NewTest@5c3bd550]" name="testEasyOne" duration-ms="787" started-at="2019-09-12T16:02:09Z" finished-at="2019-09-12T16:02:10Z">
          <reporter-output>
          </reporter-output>
        </test-method> <!-- testEasyOne -->
        <test-method status="PASS" signature="testEasySeven()[pri:0, instance:example.NewTest@5c3bd550]" name="testEasySeven" duration-ms="681" started-at="2019-09-12T16:02:10Z" finished-at="2019-09-12T16:02:11Z">
          <reporter-output>
          </reporter-output>
        </test-method> <!-- testEasySeven -->
        <test-method status="PASS" signature="testEasySix()[pri:0, instance:example.NewTest@5c3bd550]" name="testEasySix" duration-ms="798" started-at="2019-09-12T16:02:11Z" finished-at="2019-09-12T16:02:11Z">
          <reporter-output>
          </reporter-output>
        </test-method> <!-- testEasySix -->
        <test-method status="PASS" signature="testEasyTen()[pri:0, instance:example.NewTest@5c3bd550]" name="testEasyTen" duration-ms="792" started-at="2019-09-12T16:02:11Z" finished-at="2019-09-12T16:02:12Z">
          <reporter-output>
          </reporter-output>
        </test-method> <!-- testEasyTen -->
        <test-method status="PASS" signature="testEasyThree()[pri:0, instance:example.NewTest@5c3bd550]" name="testEasyThree" duration-ms="796" started-at="2019-09-12T16:02:12Z" finished-at="2019-09-12T16:02:13Z">
          <reporter-output>
          </reporter-output>
        </test-method> <!-- testEasyThree -->
        <test-method status="PASS" signature="testEasyTwo()[pri:0, instance:example.NewTest@5c3bd550]" name="testEasyTwo" duration-ms="460" started-at="2019-09-12T16:02:13Z" finished-at="2019-09-12T16:02:14Z">
          <reporter-output>
          </reporter-output>
        </test-method> <!-- testEasyTwo -->
        <test-method status="PASS" signature="testEasyfive()[pri:0, instance:example.NewTest@5c3bd550]" name="testEasyfive" duration-ms="683" started-at="2019-09-12T16:02:14Z" finished-at="2019-09-12T16:02:14Z">
          <reporter-output>
          </reporter-output>
        </test-method> <!-- testEasyfive -->
        <test-method status="PASS" signature="testEasyfour()[pri:0, instance:example.NewTest@5c3bd550]" name="testEasyfour" duration-ms="685" started-at="2019-09-12T16:02:14Z" finished-at="2019-09-12T16:02:15Z">
          <reporter-output>
          </reporter-output>
        </test-method> <!-- testEasyfour -->
        <test-method status="PASS" signature="afterTest()[pri:0, instance:example.NewTest@5c3bd550]" name="afterTest" is-config="true" duration-ms="1183" started-at="2019-09-12T16:02:15Z" finished-at="2019-09-12T16:02:16Z">
          <reporter-output>
          </reporter-output>
        </test-method> <!-- afterTest -->
      </class> <!-- example.NewTest -->
    </test> <!-- Test -->
  </suite> <!-- Suite -->
</testng-results>
