<?xml version="1.0" encoding="UTF-8"?>
<!-- Generated by org.testng.reporters.JUnitXMLReporter -->
<testsuite hostname="BLRNIDGWN05614" name="Test" tests="11" failures="1" timestamp="12 Sep 2019 10:32:16 GMT" time="23.06" errors="0">
  <testcase name="testEasyEight" time="11.647" classname="example.NewTest"/>
  <testcase name="testEasyEleven" time="0.641" classname="example.NewTest">
    <failure type="java.lang.AssertionError">
      <![CDATA[java.lang.AssertionError: 
	at example.NewTest.testEasyEleven(NewTest.java:136)
... Removed 27 stack frames]]>
    </failure>
  </testcase> <!-- testEasyEleven -->
  <testcase name="testEasyNine" time="0.914" classname="example.NewTest"/>
  <testcase name="testEasyOne" time="0.787" classname="example.NewTest"/>
  <testcase name="testEasySeven" time="0.681" classname="example.NewTest"/>
  <testcase name="testEasySix" time="0.798" classname="example.NewTest"/>
  <testcase name="testEasyTen" time="0.792" classname="example.NewTest"/>
  <testcase name="testEasyThree" time="0.796" classname="example.NewTest"/>
  <testcase name="testEasyTwo" time="0.46" classname="example.NewTest"/>
  <testcase name="testEasyfive" time="0.683" classname="example.NewTest"/>
  <testcase name="testEasyfour" time="0.685" classname="example.NewTest"/>
</testsuite> <!-- Test -->
