<?xml version="1.0" encoding="UTF-8"?>
<!-- Generated by org.testng.reporters.JUnitXMLReporter -->
<testsuite hostname="BLRNIDGWN05614" name="Test" tests="1" failures="1" timestamp="9 Sep 2019 10:45:18 GMT" time="11.745" errors="0">
  <testcase name="testEasy" time="7.651" classname="example.NewTest">
    <failure type="java.lang.AssertionError">
      <![CDATA[java.lang.AssertionError: 
	at example.NewTest.testEasy(NewTest.java:50)
... Removed 27 stack frames]]>
    </failure>
  </testcase> <!-- testEasy -->
</testsuite> <!-- Test -->
